<?xml version="1.0" encoding="UTF-8"?>
<!-- Generated by org.testng.reporters.JUnitReportReporter -->
<testsuite hostname="DESKTOP-6145R9P" failures="0" tests="2" name="Testing.BasicTags" time="0.003" errors="0" timestamp="27 Mar 2021 14:13:02 GMT">
  <testcase classname="Testing.BasicTags" name="test1" time="0.003"/>
  <testcase classname="Testing.BasicTags" name="test2" time="0.000"/>
</testsuite> <!-- Testing.BasicTags -->
