<?xml version="1.0" encoding="UTF-8"?>
<!-- Generated by org.testng.reporters.JUnitReportReporter -->
<testsuite hostname="DESKTOP-6145R9P" failures="0" tests="3" name="Testing.PriorityDescTimeout" time="0.009" errors="0" timestamp="27 Mar 2021 14:17:35 GMT">
  <testcase classname="Testing.PriorityDescTimeout" name="atest" time="0.007"/>
  <testcase classname="Testing.PriorityDescTimeout" name="ctest" time="0.001"/>
  <testcase classname="Testing.PriorityDescTimeout" name="btest" time="0.001"/>
</testsuite> <!-- Testing.PriorityDescTimeout -->
